2016-11-10 11:23:50 [::1][-][bfff9e3166dcb0d147fe594d095eb96a][error][yii\db\Exception] PDOException: SQLSTATE[HY000] [1045] Access denied for user 'root'@'localhost' (using password: NO) in /Applications/MAMP/htdocs/yii-test/advanced/vendor/yiisoft/yii2/db/Connection.php:602
Stack trace:
#0 /Applications/MAMP/htdocs/yii-test/advanced/vendor/yiisoft/yii2/db/Connection.php(602): PDO->__construct('mysql:host=loca...', 'root', '', NULL)
#1 /Applications/MAMP/htdocs/yii-test/advanced/vendor/yiisoft/yii2/db/Connection.php(544): yii\db\Connection->createPdoInstance()
#2 /Applications/MAMP/htdocs/yii-test/advanced/vendor/yiisoft/yii2/db/Connection.php(863): yii\db\Connection->open()
#3 /Applications/MAMP/htdocs/yii-test/advanced/vendor/yiisoft/yii2/db/Connection.php(850): yii\db\Connection->getMasterPdo()
#4 /Applications/MAMP/htdocs/yii-test/advanced/vendor/yiisoft/yii2/db/Schema.php(478): yii\db\Connection->getSlavePdo()
#5 /Applications/MAMP/htdocs/yii-test/advanced/vendor/yiisoft/yii2/db/Connection.php(759): yii\db\Schema->quoteValue('admin')
#6 /Applications/MAMP/htdocs/yii-test/advanced/vendor/yiisoft/yii2/db/Command.php(175): yii\db\Connection->quoteValue('admin')
#7 /Applications/MAMP/htdocs/yii-test/advanced/vendor/yiisoft/yii2/db/Command.php(869): yii\db\Command->getRawSql()
#8 /Applications/MAMP/htdocs/yii-test/advanced/vendor/yiisoft/yii2/db/Command.php(376): yii\db\Command->queryInternal('fetch', NULL)
#9 /Applications/MAMP/htdocs/yii-test/advanced/vendor/yiisoft/yii2/db/Query.php(247): yii\db\Command->queryOne()
#10 /Applications/MAMP/htdocs/yii-test/advanced/vendor/yiisoft/yii2/db/ActiveQuery.php(295): yii\db\Query->one(NULL)
#11 /Applications/MAMP/htdocs/yii-test/advanced/vendor/yiisoft/yii2/db/BaseActiveRecord.php(107): yii\db\ActiveQuery->one()
#12 /Applications/MAMP/htdocs/yii-test/advanced/common/models/User.php(83): yii\db\BaseActiveRecord::findOne(Array)
#13 /Applications/MAMP/htdocs/yii-test/advanced/common/models/LoginForm.php(73): common\models\User::findByUsername('admin')
#14 /Applications/MAMP/htdocs/yii-test/advanced/common/models/LoginForm.php(44): common\models\LoginForm->getUser()
#15 [internal function]: common\models\LoginForm->validatePassword('password', NULL)
#16 /Applications/MAMP/htdocs/yii-test/advanced/vendor/yiisoft/yii2/validators/InlineValidator.php(69): call_user_func(Array, 'password', NULL)
#17 /Applications/MAMP/htdocs/yii-test/advanced/vendor/yiisoft/yii2/validators/Validator.php(265): yii\validators\InlineValidator->validateAttribute(Object(common\models\LoginForm), 'password')
#18 /Applications/MAMP/htdocs/yii-test/advanced/vendor/yiisoft/yii2/base/Model.php(356): yii\validators\Validator->validateAttributes(Object(common\models\LoginForm), Array)
#19 /Applications/MAMP/htdocs/yii-test/advanced/common/models/LoginForm.php(58): yii\base\Model->validate()
#20 /Applications/MAMP/htdocs/yii-test/advanced/backend/controllers/SiteController.php(78): common\models\LoginForm->login()
#21 [internal function]: backend\controllers\SiteController->actionLogin()
#22 /Applications/MAMP/htdocs/yii-test/advanced/vendor/yiisoft/yii2/base/InlineAction.php(55): call_user_func_array(Array, Array)
#23 /Applications/MAMP/htdocs/yii-test/advanced/vendor/yiisoft/yii2/base/Controller.php(154): yii\base\InlineAction->runWithParams(Array)
#24 /Applications/MAMP/htdocs/yii-test/advanced/vendor/yiisoft/yii2/base/Module.php(454): yii\base\Controller->runAction('login', Array)
#25 /Applications/MAMP/htdocs/yii-test/advanced/vendor/yiisoft/yii2/web/Application.php(100): yii\base\Module->runAction('site/login', Array)
#26 /Applications/MAMP/htdocs/yii-test/advanced/vendor/yiisoft/yii2/base/Application.php(375): yii\web\Application->handleRequest(Object(yii\web\Request))
#27 /Applications/MAMP/htdocs/yii-test/advanced/backend/web/index.php(17): yii\base\Application->run()
#28 {main}

Next yii\db\Exception: SQLSTATE[HY000] [1045] Access denied for user 'root'@'localhost' (using password: NO) in /Applications/MAMP/htdocs/yii-test/advanced/vendor/yiisoft/yii2/db/Connection.php:549
Stack trace:
#0 /Applications/MAMP/htdocs/yii-test/advanced/vendor/yiisoft/yii2/db/Connection.php(863): yii\db\Connection->open()
#1 /Applications/MAMP/htdocs/yii-test/advanced/vendor/yiisoft/yii2/db/Connection.php(850): yii\db\Connection->getMasterPdo()
#2 /Applications/MAMP/htdocs/yii-test/advanced/vendor/yiisoft/yii2/db/Schema.php(478): yii\db\Connection->getSlavePdo()
#3 /Applications/MAMP/htdocs/yii-test/advanced/vendor/yiisoft/yii2/db/Connection.php(759): yii\db\Schema->quoteValue('admin')
#4 /Applications/MAMP/htdocs/yii-test/advanced/vendor/yiisoft/yii2/db/Command.php(175): yii\db\Connection->quoteValue('admin')
#5 /Applications/MAMP/htdocs/yii-test/advanced/vendor/yiisoft/yii2/db/Command.php(869): yii\db\Command->getRawSql()
#6 /Applications/MAMP/htdocs/yii-test/advanced/vendor/yiisoft/yii2/db/Command.php(376): yii\db\Command->queryInternal('fetch', NULL)
#7 /Applications/MAMP/htdocs/yii-test/advanced/vendor/yiisoft/yii2/db/Query.php(247): yii\db\Command->queryOne()
#8 /Applications/MAMP/htdocs/yii-test/advanced/vendor/yiisoft/yii2/db/ActiveQuery.php(295): yii\db\Query->one(NULL)
#9 /Applications/MAMP/htdocs/yii-test/advanced/vendor/yiisoft/yii2/db/BaseActiveRecord.php(107): yii\db\ActiveQuery->one()
#10 /Applications/MAMP/htdocs/yii-test/advanced/common/models/User.php(83): yii\db\BaseActiveRecord::findOne(Array)
#11 /Applications/MAMP/htdocs/yii-test/advanced/common/models/LoginForm.php(73): common\models\User::findByUsername('admin')
#12 /Applications/MAMP/htdocs/yii-test/advanced/common/models/LoginForm.php(44): common\models\LoginForm->getUser()
#13 [internal function]: common\models\LoginForm->validatePassword('password', NULL)
#14 /Applications/MAMP/htdocs/yii-test/advanced/vendor/yiisoft/yii2/validators/InlineValidator.php(69): call_user_func(Array, 'password', NULL)
#15 /Applications/MAMP/htdocs/yii-test/advanced/vendor/yiisoft/yii2/validators/Validator.php(265): yii\validators\InlineValidator->validateAttribute(Object(common\models\LoginForm), 'password')
#16 /Applications/MAMP/htdocs/yii-test/advanced/vendor/yiisoft/yii2/base/Model.php(356): yii\validators\Validator->validateAttributes(Object(common\models\LoginForm), Array)
#17 /Applications/MAMP/htdocs/yii-test/advanced/common/models/LoginForm.php(58): yii\base\Model->validate()
#18 /Applications/MAMP/htdocs/yii-test/advanced/backend/controllers/SiteController.php(78): common\models\LoginForm->login()
#19 [internal function]: backend\controllers\SiteController->actionLogin()
#20 /Applications/MAMP/htdocs/yii-test/advanced/vendor/yiisoft/yii2/base/InlineAction.php(55): call_user_func_array(Array, Array)
#21 /Applications/MAMP/htdocs/yii-test/advanced/vendor/yiisoft/yii2/base/Controller.php(154): yii\base\InlineAction->runWithParams(Array)
#22 /Applications/MAMP/htdocs/yii-test/advanced/vendor/yiisoft/yii2/base/Module.php(454): yii\base\Controller->runAction('login', Array)
#23 /Applications/MAMP/htdocs/yii-test/advanced/vendor/yiisoft/yii2/web/Application.php(100): yii\base\Module->runAction('site/login', Array)
#24 /Applications/MAMP/htdocs/yii-test/advanced/vendor/yiisoft/yii2/base/Application.php(375): yii\web\Application->handleRequest(Object(yii\web\Request))
#25 /Applications/MAMP/htdocs/yii-test/advanced/backend/web/index.php(17): yii\base\Application->run()
#26 {main}
Additional Information:

2016-11-10 11:23:50 [::1][-][bfff9e3166dcb0d147fe594d095eb96a][info][application] $_GET = [
    'r' => 'site/login'
]

$_POST = [
    '_csrf-backend' => 'VnBiQzVFNGM8RxQ5RD9OPCEBBiYEMHMkEyEaAVoVeRRiRxc6GGhELQ=='
    'LoginForm' => [
        'username' => 'admin'
        'password' => 'admin'
        'rememberMe' => '1'
    ]
    'login-button' => ''
]

$_COOKIE = [
    'adminer_version' => '0'
    'advanced-frontend' => '99ebf8c354e159afe5a04b2decee3a2b'
    '_csrf-frontend' => 'e85c97e856b3cd1dbb0ec21ca6c953a0ff368f359370d1e1142f2030a6dc8aa4a:2:{i:0;s:14:\"_csrf-frontend\";i:1;s:32:\"EwYebNHtLx0LDrtN_Gp-ACGzn0IqjehY\";}'
    'advanced-backend' => 'bfff9e3166dcb0d147fe594d095eb96a'
    '_csrf-backend' => '563eede8058782505e1c080e1583253509f9ef8dba979987a66a8ca1e93b605da:2:{i:0;s:13:\"_csrf-backend\";i:1;s:32:\"j7vzqzz_wqde1uGGEQxBoPMw47uy--pN\";}'
]

$_SESSION = [
    '__flash' => []
    '__returnUrl' => '/yii-test/advanced/backend/web/'
]

$_SERVER = [
    'REMOTE_USER' => ''
    'HTTP_HOST' => 'localhost:8888'
    'HTTP_CONNECTION' => 'keep-alive'
    'CONTENT_LENGTH' => '204'
    'HTTP_CACHE_CONTROL' => 'max-age=0'
    'HTTP_ORIGIN' => 'http://localhost:8888'
    'HTTP_UPGRADE_INSECURE_REQUESTS' => '1'
    'HTTP_USER_AGENT' => 'Mozilla/5.0 (Macintosh; Intel Mac OS X 10_12_0) AppleWebKit/537.36 (KHTML, like Gecko) Chrome/54.0.2840.71 Safari/537.36'
    'CONTENT_TYPE' => 'application/x-www-form-urlencoded'
    'HTTP_ACCEPT' => 'text/html,application/xhtml+xml,application/xml;q=0.9,image/webp,*/*;q=0.8'
    'HTTP_REFERER' => 'http://localhost:8888/yii-test/advanced/backend/web/index.php?r=site%2Flogin'
    'HTTP_ACCEPT_ENCODING' => 'gzip, deflate, br'
    'HTTP_ACCEPT_LANGUAGE' => 'ru,en-US;q=0.8,en;q=0.6,uk;q=0.4'
    'HTTP_COOKIE' => 'adminer_version=0; advanced-frontend=99ebf8c354e159afe5a04b2decee3a2b; _csrf-frontend=e85c97e856b3cd1dbb0ec21ca6c953a0ff368f359370d1e1142f2030a6dc8aa4a%3A2%3A%7Bi%3A0%3Bs%3A14%3A%22_csrf-frontend%22%3Bi%3A1%3Bs%3A32%3A%22EwYebNHtLx0LDrtN_Gp-ACGzn0IqjehY%22%3B%7D; advanced-backend=bfff9e3166dcb0d147fe594d095eb96a; _csrf-backend=563eede8058782505e1c080e1583253509f9ef8dba979987a66a8ca1e93b605da%3A2%3A%7Bi%3A0%3Bs%3A13%3A%22_csrf-backend%22%3Bi%3A1%3Bs%3A32%3A%22j7vzqzz_wqde1uGGEQxBoPMw47uy--pN%22%3B%7D'
    'PATH' => '/usr/bin:/bin:/usr/sbin:/sbin'
    'SERVER_SIGNATURE' => ''
    'SERVER_SOFTWARE' => 'Apache/2.2.31 (Unix) mod_wsgi/3.5 Python/2.7.12 PHP/7.0.12 mod_ssl/2.2.31 OpenSSL/1.0.2j DAV/2 mod_fastcgi/2.4.6 mod_perl/2.0.9 Perl/v5.24.0'
    'SERVER_NAME' => 'localhost'
    'SERVER_ADDR' => '::1'
    'SERVER_PORT' => '8888'
    'REMOTE_ADDR' => '::1'
    'DOCUMENT_ROOT' => '/Applications/MAMP/htdocs'
    'SERVER_ADMIN' => 'you@example.com'
    'SCRIPT_FILENAME' => '/Applications/MAMP/htdocs/yii-test/advanced/backend/web/index.php'
    'REMOTE_PORT' => '64193'
    'GATEWAY_INTERFACE' => 'CGI/1.1'
    'SERVER_PROTOCOL' => 'HTTP/1.1'
    'REQUEST_METHOD' => 'POST'
    'QUERY_STRING' => 'r=site%2Flogin'
    'REQUEST_URI' => '/yii-test/advanced/backend/web/index.php?r=site%2Flogin'
    'SCRIPT_NAME' => '/yii-test/advanced/backend/web/index.php'
    'PHP_SELF' => '/yii-test/advanced/backend/web/index.php'
    'REQUEST_TIME_FLOAT' => 1478773430.29
    'REQUEST_TIME' => 1478773430
    'argv' => [
        0 => 'r=site%2Flogin'
    ]
    'argc' => 1
]
